Start testing: Feb 24 09:58 EST
----------------------------------------------------------
1/1 Testing: flowforge_tests
1/1 Test: flowforge_tests
Command: "/Users/osamahgilani/Documents/New project/FlowForge/build/flowforge_tests"
Directory: /Users/osamahgilani/Documents/New project/FlowForge/build
"flowforge_tests" start time: Feb 24 09:58 EST
Output:
----------------------------------------------------------
[PASS] AStarFindsPathThroughGap
[PASS] FlowFieldGenerationProducesFiniteDirections
[PASS] SpatialGridReturnsNearbyAgents
<end of output>
Test time =   0.24 sec
----------------------------------------------------------
Test Passed.
"flowforge_tests" end time: Feb 24 09:58 EST
"flowforge_tests" time elapsed: 00:00:00
----------------------------------------------------------

End testing: Feb 24 09:58 EST
